<?xml version="1.0" encoding="UTF-8"?>
<!-- Generated by org.testng.reporters.JUnitReportReporter -->
<testsuite hostname="user-PC" name="Test.TC001" tests="1" failures="0" timestamp="2 Aug 2016 11:18:03 GMT" time="0.004" errors="1">
  <testcase name="validsignin" time="0.004" classname="Test.TC001">
    <error type="org.openqa.selenium.WebDriverException" message="Failed to connect to binary FirefoxBinary(C:\Program Files (x86)\Mozilla Firefox\firefox.exe) on port 7055; process output follows: 
Ã¬nh má»Ÿ rá»™ng nÃ y sáº½ báº£o vá»‡ báº¡n khá»�i cÃ¡c cÃ¡c trang web lá»«a Ä‘áº£o vÃ  cÃ³ chá»©a mÃ£ Ä‘á»™c.&quot;,&quot;creator&quot;:&quot;Qihu 360 Software Co., Ltd.&quot;,&quot;homepageURL&quot;:&quot;http://www.360totalsecurity.com/&quot;},{&quot;locales&quot;:[&quot;hi-IN&quot;],&quot;name&quot;:&quot;360 à¤‡à¤‚à¤Ÿà¤°à¤¨à¥‡à¤Ÿ à¤¸à¥�à¤°à¤•à¥�à¤·à¤¾&quot;,&quot;description&quot;:&quot;à¤¯à¤¹ à¤�à¤•à¥�à¤¸à¥�à¤Ÿà¥‡à¤‚à¤¶à¤¨ à¤†à¤ªà¤•à¥‹ à¥žà¤¿à¤¶à¤¿à¤‚à¤— à¤”à¤° à¤®à¤¾à¤²à¤µà¥‡à¤¯à¤° à¤¸à¤¾à¤‡à¤Ÿà¥�à¤¸ à¤¸à¥‡ à¤¦à¥‚à¤° à¤°à¤–à¥‡à¤—à¤¾.&quot;,&quot;creator&quot;:&quot;Qihu 360 Software Co., Ltd.&quot;,&quot;homepageURL&quot;:&quot;http://www.360totalsecurity.com/&quot;},{&quot;locales&quot;:[&quot;ar-AR&quot;],&quot;name&quot;:&quot;Ø§Ù„Ø­Ù…Ø§ÙŠØ© Ø¹Ø¨Ø± Ø§Ù„Ø¥Ù†ØªØ±Ù†Øª Ù…Ù† 360&quot;,&quot;description&quot;:&quot;Ø³ÙŠØ­Ù…ÙŠÙƒ Ù‡Ø°Ø§ Ø§Ù„Ù…Ù„Ø­Ù‚ Ù…Ù† Ø§Ù„Ù…ÙˆØ§Ù‚Ø¹ Ø§Ù„Ø®Ø§Ø¯Ø¹Ø© ÙˆØ§Ù„Ø¶Ø§Ø±Ø©.&quot;,&quot;creator&quot;:&quot;Qihu 360 Software Co., Ltd.&quot;,&quot;homepageURL&quot;:&quot;http://www.360totalsecurity.com/&quot;}],&quot;targetApplications&quot;:[{&quot;id&quot;:&quot;{ec8030f7-c20a-464f-9b0e-13a3a9e97384}&quot;,&quot;minVersion&quot;:&quot;5.0&quot;,&quot;maxVersion&quot;:&quot;50.0&quot;}],&quot;targetPlatforms&quot;:[],&quot;multiprocessCompatible&quot;:false,&quot;signedState&quot;:2,&quot;seen&quot;:true}
1470136636519	DeferredSave.extensions.json	DEBUG	Save changes
1470136636519	addons.xpi	DEBUG	Updating database with changes to installed add-ons
1470136636519	addons.xpi-utils	DEBUG	Updating add-on states
1470136636525	addons.xpi-utils	DEBUG	Writing add-ons list
1470136636541	addons.xpi	DEBUG	Registering manifest for C:\Program Files (x86)\Mozilla Firefox\browser\features\e10srollout@mozilla.org.xpi
1470136636544	addons.xpi	DEBUG	Calling bootstrap method startup on e10srollout@mozilla.org version 1.0
1470136636544	addons.xpi	DEBUG	Registering manifest for C:\Program Files (x86)\Mozilla Firefox\browser\features\firefox@getpocket.com.xpi
1470136636547	addons.xpi	DEBUG	Calling bootstrap method startup on firefox@getpocket.com version 1.0.2
1470136636550	addons.xpi	DEBUG	Registering manifest for C:\Program Files (x86)\Mozilla Firefox\browser\features\loop@mozilla.org.xpi
1470136636552	addons.xpi	DEBUG	Calling bootstrap method startup on loop@mozilla.org version 1.3.2
1470136636627	addons.manager	DEBUG	Registering shutdown blocker for XPIProvider
1470136636628	addons.manager	DEBUG	Provider finished startup: XPIProvider
1470136636628	addons.manager	DEBUG	Starting provider: LightweightThemeManager
1470136636628	addons.manager	DEBUG	Registering shutdown blocker for LightweightThemeManager
1470136636629	addons.manager	DEBUG	Provider finished startup: LightweightThemeManager
1470136636630	addons.manager	DEBUG	Starting provider: GMPProvider
1470136636666	addons.manager	DEBUG	Registering shutdown blocker for GMPProvider
1470136636667	addons.manager	DEBUG	Provider finished startup: GMPProvider
1470136636667	addons.manager	DEBUG	Starting provider: PluginProvider
1470136636668	addons.manager	DEBUG	Registering shutdown blocker for PluginProvider
1470136636669	addons.manager	DEBUG	Provider finished startup: PluginProvider
1470136636671	addons.manager	DEBUG	Completed startup sequence
1470136639693	addons.manager	DEBUG	Starting provider: &lt;unnamed-provider&gt;
1470136639693	addons.manager	DEBUG	Registering shutdown blocker for &lt;unnamed-provider&gt;
1470136639694	addons.manager	DEBUG	Provider finished startup: &lt;unnamed-provider&gt;
1470136640818	DeferredSave.extensions.json	DEBUG	Write succeeded
1470136640819	addons.xpi-utils	DEBUG	XPI Database saved, setting schema version preference to 17
1470136640819	DeferredSave.extensions.json	DEBUG	Starting timer
1470136640843	DeferredSave.extensions.json	DEBUG	Starting write
1470136640875	addons.repository	DEBUG	No addons.json found.
1470136640876	DeferredSave.addons.json	DEBUG	Save changes
1470136640887	DeferredSave.addons.json	DEBUG	Starting timer
1470136641044	addons.manager	DEBUG	Starting provider: PreviousExperimentProvider
1470136641044	addons.manager	DEBUG	Registering shutdown blocker for PreviousExperimentProvider
1470136641045	addons.manager	DEBUG	Provider finished startup: PreviousExperimentProvider
1470136641054	DeferredSave.addons.json	DEBUG	Starting write
1470136641126	DeferredSave.extensions.json	DEBUG	Write succeeded
1470136641245	DeferredSave.addons.json	DEBUG	Write succeeded

Build info: version: &#039;2.53.0&#039;, revision: &#039;35ae25b&#039;, time: &#039;2016-03-15 16:57:40&#039;
System info: host: &#039;user-PC&#039;, ip: &#039;192.168.56.1&#039;, os.name: &#039;Windows 7&#039;, os.arch: &#039;amd64&#039;, os.version: &#039;6.1&#039;, java.version: &#039;1.8.0_91&#039;
Driver info: driver.version: FirefoxDriver">
      <![CDATA[org.openqa.selenium.WebDriverException: Failed to connect to binary FirefoxBinary(C:\Program Files (x86)\Mozilla Firefox\firefox.exe) on port 7055; process output follows: 
Ã¬nh má»Ÿ rá»™ng nÃ y sáº½ báº£o vá»‡ báº¡n khá»�i cÃ¡c cÃ¡c trang web lá»«a Ä‘áº£o vÃ  cÃ³ chá»©a mÃ£ Ä‘á»™c.","creator":"Qihu 360 Software Co., Ltd.","homepageURL":"http://www.360totalsecurity.com/"},{"locales":["hi-IN"],"name":"360 à¤‡à¤‚à¤Ÿà¤°à¤¨à¥‡à¤Ÿ à¤¸à¥�à¤°à¤•à¥�à¤·à¤¾","description":"à¤¯à¤¹ à¤�à¤•à¥�à¤¸à¥�à¤Ÿà¥‡à¤‚à¤¶à¤¨ à¤†à¤ªà¤•à¥‹ à¥žà¤¿à¤¶à¤¿à¤‚à¤— à¤”à¤° à¤®à¤¾à¤²à¤µà¥‡à¤¯à¤° à¤¸à¤¾à¤‡à¤Ÿà¥�à¤¸ à¤¸à¥‡ à¤¦à¥‚à¤° à¤°à¤–à¥‡à¤—à¤¾.","creator":"Qihu 360 Software Co., Ltd.","homepageURL":"http://www.360totalsecurity.com/"},{"locales":["ar-AR"],"name":"Ø§Ù„Ø­Ù…Ø§ÙŠØ© Ø¹Ø¨Ø± Ø§Ù„Ø¥Ù†ØªØ±Ù†Øª Ù…Ù† 360","description":"Ø³ÙŠØ­Ù…ÙŠÙƒ Ù‡Ø°Ø§ Ø§Ù„Ù…Ù„Ø­Ù‚ Ù…Ù† Ø§Ù„Ù…ÙˆØ§Ù‚Ø¹ Ø§Ù„Ø®Ø§Ø¯Ø¹Ø© ÙˆØ§Ù„Ø¶Ø§Ø±Ø©.","creator":"Qihu 360 Software Co., Ltd.","homepageURL":"http://www.360totalsecurity.com/"}],"targetApplications":[{"id":"{ec8030f7-c20a-464f-9b0e-13a3a9e97384}","minVersion":"5.0","maxVersion":"50.0"}],"targetPlatforms":[],"multiprocessCompatible":false,"signedState":2,"seen":true}
1470136636519	DeferredSave.extensions.json	DEBUG	Save changes
1470136636519	addons.xpi	DEBUG	Updating database with changes to installed add-ons
1470136636519	addons.xpi-utils	DEBUG	Updating add-on states
1470136636525	addons.xpi-utils	DEBUG	Writing add-ons list
1470136636541	addons.xpi	DEBUG	Registering manifest for C:\Program Files (x86)\Mozilla Firefox\browser\features\e10srollout@mozilla.org.xpi
1470136636544	addons.xpi	DEBUG	Calling bootstrap method startup on e10srollout@mozilla.org version 1.0
1470136636544	addons.xpi	DEBUG	Registering manifest for C:\Program Files (x86)\Mozilla Firefox\browser\features\firefox@getpocket.com.xpi
1470136636547	addons.xpi	DEBUG	Calling bootstrap method startup on firefox@getpocket.com version 1.0.2
1470136636550	addons.xpi	DEBUG	Registering manifest for C:\Program Files (x86)\Mozilla Firefox\browser\features\loop@mozilla.org.xpi
1470136636552	addons.xpi	DEBUG	Calling bootstrap method startup on loop@mozilla.org version 1.3.2
1470136636627	addons.manager	DEBUG	Registering shutdown blocker for XPIProvider
1470136636628	addons.manager	DEBUG	Provider finished startup: XPIProvider
1470136636628	addons.manager	DEBUG	Starting provider: LightweightThemeManager
1470136636628	addons.manager	DEBUG	Registering shutdown blocker for LightweightThemeManager
1470136636629	addons.manager	DEBUG	Provider finished startup: LightweightThemeManager
1470136636630	addons.manager	DEBUG	Starting provider: GMPProvider
1470136636666	addons.manager	DEBUG	Registering shutdown blocker for GMPProvider
1470136636667	addons.manager	DEBUG	Provider finished startup: GMPProvider
1470136636667	addons.manager	DEBUG	Starting provider: PluginProvider
1470136636668	addons.manager	DEBUG	Registering shutdown blocker for PluginProvider
1470136636669	addons.manager	DEBUG	Provider finished startup: PluginProvider
1470136636671	addons.manager	DEBUG	Completed startup sequence
1470136639693	addons.manager	DEBUG	Starting provider: <unnamed-provider>
1470136639693	addons.manager	DEBUG	Registering shutdown blocker for <unnamed-provider>
1470136639694	addons.manager	DEBUG	Provider finished startup: <unnamed-provider>
1470136640818	DeferredSave.extensions.json	DEBUG	Write succeeded
1470136640819	addons.xpi-utils	DEBUG	XPI Database saved, setting schema version preference to 17
1470136640819	DeferredSave.extensions.json	DEBUG	Starting timer
1470136640843	DeferredSave.extensions.json	DEBUG	Starting write
1470136640875	addons.repository	DEBUG	No addons.json found.
1470136640876	DeferredSave.addons.json	DEBUG	Save changes
1470136640887	DeferredSave.addons.json	DEBUG	Starting timer
1470136641044	addons.manager	DEBUG	Starting provider: PreviousExperimentProvider
1470136641044	addons.manager	DEBUG	Registering shutdown blocker for PreviousExperimentProvider
1470136641045	addons.manager	DEBUG	Provider finished startup: PreviousExperimentProvider
1470136641054	DeferredSave.addons.json	DEBUG	Starting write
1470136641126	DeferredSave.extensions.json	DEBUG	Write succeeded
1470136641245	DeferredSave.addons.json	DEBUG	Write succeeded

Build info: version: '2.53.0', revision: '35ae25b', time: '2016-03-15 16:57:40'
System info: host: 'user-PC', ip: '192.168.56.1', os.name: 'Windows 7', os.arch: 'amd64', os.version: '6.1', java.version: '1.8.0_91'
Driver info: driver.version: FirefoxDriver
	at org.openqa.selenium.firefox.internal.NewProfileExtensionConnection.start(NewProfileExtensionConnection.java:124)
	at org.openqa.selenium.firefox.FirefoxDriver.startClient(FirefoxDriver.java:271)
	at org.openqa.selenium.remote.RemoteWebDriver.<init>(RemoteWebDriver.java:119)
	at org.openqa.selenium.firefox.FirefoxDriver.<init>(FirefoxDriver.java:218)
	at org.openqa.selenium.firefox.FirefoxDriver.<init>(FirefoxDriver.java:211)
	at org.openqa.selenium.firefox.FirefoxDriver.<init>(FirefoxDriver.java:129)
	at Test.TC001.launch(TC001.java:23)
	at sun.reflect.NativeMethodAccessorImpl.invoke0(Native Method)
	at sun.reflect.NativeMethodAccessorImpl.invoke(Unknown Source)
	at sun.reflect.DelegatingMethodAccessorImpl.invoke(Unknown Source)
	at java.lang.reflect.Method.invoke(Unknown Source)
	at org.testng.internal.MethodInvocationHelper.invokeMethod(MethodInvocationHelper.java:85)
	at org.testng.internal.Invoker.invokeConfigurationMethod(Invoker.java:510)
	at org.testng.internal.Invoker.invokeConfigurations(Invoker.java:211)
	at org.testng.internal.Invoker.invokeConfigurations(Invoker.java:138)
	at org.testng.TestRunner.beforeRun(TestRunner.java:648)
	at org.testng.TestRunner.run(TestRunner.java:616)
	at org.testng.SuiteRunner.runTest(SuiteRunner.java:359)
	at org.testng.SuiteRunner.runSequentially(SuiteRunner.java:354)
	at org.testng.SuiteRunner.privateRun(SuiteRunner.java:312)
	at org.testng.SuiteRunner.run(SuiteRunner.java:261)
	at org.testng.SuiteRunnerWorker.runSuite(SuiteRunnerWorker.java:52)
	at org.testng.SuiteRunnerWorker.run(SuiteRunnerWorker.java:86)
	at org.testng.TestNG.runSuitesSequentially(TestNG.java:1215)
	at org.testng.TestNG.runSuitesLocally(TestNG.java:1140)
	at org.testng.TestNG.run(TestNG.java:1048)
	at org.testng.remote.AbstractRemoteTestNG.run(AbstractRemoteTestNG.java:126)
	at org.testng.remote.RemoteTestNG.initAndRun(RemoteTestNG.java:152)
	at org.testng.remote.RemoteTestNG.main(RemoteTestNG.java:57)
Caused by: org.openqa.selenium.firefox.NotConnectedException: Unable to connect to host 127.0.0.1 on port 7055 after 45000 ms. Firefox console output:
Ã¬nh má»Ÿ rá»™ng nÃ y sáº½ báº£o vá»‡ báº¡n khá»�i cÃ¡c cÃ¡c trang web lá»«a Ä‘áº£o vÃ  cÃ³ chá»©a mÃ£ Ä‘á»™c.","creator":"Qihu 360 Software Co., Ltd.","homepageURL":"http://www.360totalsecurity.com/"},{"locales":["hi-IN"],"name":"360 à¤‡à¤‚à¤Ÿà¤°à¤¨à¥‡à¤Ÿ à¤¸à¥�à¤°à¤•à¥�à¤·à¤¾","description":"à¤¯à¤¹ à¤�à¤•à¥�à¤¸à¥�à¤Ÿà¥‡à¤‚à¤¶à¤¨ à¤†à¤ªà¤•à¥‹ à¥žà¤¿à¤¶à¤¿à¤‚à¤— à¤”à¤° à¤®à¤¾à¤²à¤µà¥‡à¤¯à¤° à¤¸à¤¾à¤‡à¤Ÿà¥�à¤¸ à¤¸à¥‡ à¤¦à¥‚à¤° à¤°à¤–à¥‡à¤—à¤¾.","creator":"Qihu 360 Software Co., Ltd.","homepageURL":"http://www.360totalsecurity.com/"},{"locales":["ar-AR"],"name":"Ø§Ù„Ø­Ù…Ø§ÙŠØ© Ø¹Ø¨Ø± Ø§Ù„Ø¥Ù†ØªØ±Ù†Øª Ù…Ù† 360","description":"Ø³ÙŠØ­Ù…ÙŠÙƒ Ù‡Ø°Ø§ Ø§Ù„Ù…Ù„Ø­Ù‚ Ù…Ù† Ø§Ù„Ù…ÙˆØ§Ù‚Ø¹ Ø§Ù„Ø®Ø§Ø¯Ø¹Ø© ÙˆØ§Ù„Ø¶Ø§Ø±Ø©.","creator":"Qihu 360 Software Co., Ltd.","homepageURL":"http://www.360totalsecurity.com/"}],"targetApplications":[{"id":"{ec8030f7-c20a-464f-9b0e-13a3a9e97384}","minVersion":"5.0","maxVersion":"50.0"}],"targetPlatforms":[],"multiprocessCompatible":false,"signedState":2,"seen":true}
1470136636519	DeferredSave.extensions.json	DEBUG	Save changes
1470136636519	addons.xpi	DEBUG	Updating database with changes to installed add-ons
1470136636519	addons.xpi-utils	DEBUG	Updating add-on states
1470136636525	addons.xpi-utils	DEBUG	Writing add-ons list
1470136636541	addons.xpi	DEBUG	Registering manifest for C:\Program Files (x86)\Mozilla Firefox\browser\features\e10srollout@mozilla.org.xpi
1470136636544	addons.xpi	DEBUG	Calling bootstrap method startup on e10srollout@mozilla.org version 1.0
1470136636544	addons.xpi	DEBUG	Registering manifest for C:\Program Files (x86)\Mozilla Firefox\browser\features\firefox@getpocket.com.xpi
1470136636547	addons.xpi	DEBUG	Calling bootstrap method startup on firefox@getpocket.com version 1.0.2
1470136636550	addons.xpi	DEBUG	Registering manifest for C:\Program Files (x86)\Mozilla Firefox\browser\features\loop@mozilla.org.xpi
1470136636552	addons.xpi	DEBUG	Calling bootstrap method startup on loop@mozilla.org version 1.3.2
1470136636627	addons.manager	DEBUG	Registering shutdown blocker for XPIProvider
1470136636628	addons.manager	DEBUG	Provider finished startup: XPIProvider
1470136636628	addons.manager	DEBUG	Starting provider: LightweightThemeManager
1470136636628	addons.manager	DEBUG	Registering shutdown blocker for LightweightThemeManager
1470136636629	addons.manager	DEBUG	Provider finished startup: LightweightThemeManager
1470136636630	addons.manager	DEBUG	Starting provider: GMPProvider
1470136636666	addons.manager	DEBUG	Registering shutdown blocker for GMPProvider
1470136636667	addons.manager	DEBUG	Provider finished startup: GMPProvider
1470136636667	addons.manager	DEBUG	Starting provider: PluginProvider
1470136636668	addons.manager	DEBUG	Registering shutdown blocker for PluginProvider
1470136636669	addons.manager	DEBUG	Provider finished startup: PluginProvider
1470136636671	addons.manager	DEBUG	Completed startup sequence
1470136639693	addons.manager	DEBUG	Starting provider: <unnamed-provider>
1470136639693	addons.manager	DEBUG	Registering shutdown blocker for <unnamed-provider>
1470136639694	addons.manager	DEBUG	Provider finished startup: <unnamed-provider>
1470136640818	DeferredSave.extensions.json	DEBUG	Write succeeded
1470136640819	addons.xpi-utils	DEBUG	XPI Database saved, setting schema version preference to 17
1470136640819	DeferredSave.extensions.json	DEBUG	Starting timer
1470136640843	DeferredSave.extensions.json	DEBUG	Starting write
1470136640875	addons.repository	DEBUG	No addons.json found.
1470136640876	DeferredSave.addons.json	DEBUG	Save changes
1470136640887	DeferredSave.addons.json	DEBUG	Starting timer
1470136641044	addons.manager	DEBUG	Starting provider: PreviousExperimentProvider
1470136641044	addons.manager	DEBUG	Registering shutdown blocker for PreviousExperimentProvider
1470136641045	addons.manager	DEBUG	Provider finished startup: PreviousExperimentProvider
1470136641054	DeferredSave.addons.json	DEBUG	Starting write
1470136641126	DeferredSave.extensions.json	DEBUG	Write succeeded
1470136641245	DeferredSave.addons.json	DEBUG	Write succeeded

	at org.openqa.selenium.firefox.internal.NewProfileExtensionConnection.start(NewProfileExtensionConnection.java:112)
	... 28 more
]]>
    </error>
  </testcase> <!-- validsignin -->
</testsuite> <!-- Test.TC001 -->
