<?xml version="1.0" encoding="UTF-8"?>
<!-- Generated by org.testng.reporters.JUnitReportReporter -->
<testsuite hostname="user-PC" name="appModules.LinksSublinks" tests="1" failures="0" timestamp="23 Sep 2016 21:39:11 GMT" time="1300.262" errors="0">
  <testcase name="links" time="1300.262" classname="appModules.LinksSublinks"/>
</testsuite> <!-- appModules.LinksSublinks -->
