<?xml version="1.0" encoding="UTF-8"?>
<!-- Generated by org.testng.reporters.JUnitReportReporter -->
<testsuite hostname="user-PC" name="appModules.Links" tests="1" failures="0" timestamp="14 Apr 2017 15:34:42 GMT" time="2.440" errors="0">
  <testcase name="links" time="2.440" classname="appModules.Links"/>
</testsuite> <!-- appModules.Links -->
