<?xml version="1.0" encoding="UTF-8"?>
<!-- Generated by org.testng.reporters.JUnitReportReporter -->
<testsuite hostname="user-PC" name="appModules.SignUp" tests="1" failures="0" timestamp="11 Feb 2017 05:29:03 GMT" time="111.616" errors="0">
  <testcase name="signup" time="111.616" classname="appModules.SignUp"/>
</testsuite> <!-- appModules.SignUp -->
